<?xml version="1.0" encoding="UTF-8"?>
<!-- Generated by org.testng.reporters.JUnitXMLReporter -->
<testsuite ignored="0" hostname="Taruns-MacBook-Air.local" failures="1" tests="2" name="ChromeTest" time="28.979" errors="0" timestamp="2025-08-29T16:59:16 PDT">
  <testcase classname="testCase.TC001_AccountRegistrationTest" name="verify_account_registration" time="3.173"/>
  <testcase classname="testCase.TC002_LoginTest" name="verify_login" time="11.852">
    <failure type="java.lang.AssertionError" message="expected [true] but found [false]">
      <![CDATA[java.lang.AssertionError: expected [true] but found [false]
at testCase.TC002_LoginTest.verify_login(TC002_LoginTest.java:36)
at java.base/java.util.ArrayList.forEach(ArrayList.java:1604)
... Removed 29 stack frames]]>
    </failure>
  </testcase> <!-- verify_login -->
</testsuite> <!-- ChromeTest -->
